This is pdfTeX, Version 3.1415926-1.40.11 (MiKTeX 2.9 64-bit) (preloaded format=pdflatex 2011.5.3)  4 MAY 2011 12:19
entering extended mode
**C:/wamp/www/framework/Documentation/latex/refman.tex
(C:/wamp/www/framework/Documentation/latex/refman.tex
LaTeX2e <2009/09/24>
Babel <v3.8l> and hyphenation patterns for english, afrikaans, ancientgreek, ar
abic, armenian, assamese, basque, bengali, bokmal, bulgarian, catalan, coptic, 
croatian, czech, danish, dutch, esperanto, estonian, farsi, finnish, french, ga
lician, german, german-x-2009-06-19, greek, gujarati, hindi, hungarian, iceland
ic, indonesian, interlingua, irish, italian, kannada, kurmanji, lao, latin, lat
vian, lithuanian, malayalam, marathi, mongolian, mongolianlmc, monogreek, ngerm
an, ngerman-x-2009-06-19, nynorsk, oriya, panjabi, pinyin, polish, portuguese, 
romanian, russian, sanskrit, serbian, slovak, slovenian, spanish, swedish, swis
sgerman, tamil, telugu, turkish, turkmen, ukenglish, ukrainian, uppersorbian, u
senglishmax, welsh, loaded.
("E:\Program Files\Miktex\tex\latex\base\book.cls"
Document Class: book 2007/10/19 v1.4h Standard LaTeX document class
("E:\Program Files\Miktex\tex\latex\base\bk10.clo"
File: bk10.clo 2007/10/19 v1.4h Standard LaTeX file (size option)
)
\c@part=\count79
\c@chapter=\count80
\c@section=\count81
\c@subsection=\count82
\c@subsubsection=\count83
\c@paragraph=\count84
\c@subparagraph=\count85
\c@figure=\count86
\c@table=\count87
\abovecaptionskip=\skip41
\belowcaptionskip=\skip42
\bibindent=\dimen102
)
("E:\Program Files\Miktex\tex\latex\base\makeidx.sty"
Package: makeidx 2000/03/29 v1.0m Standard LaTeX package
)
("E:\Program Files\Miktex\tex\latex\graphics\graphicx.sty"
Package: graphicx 1999/02/16 v1.0f Enhanced LaTeX Graphics (DPC,SPQR)

("E:\Program Files\Miktex\tex\latex\graphics\keyval.sty"
Package: keyval 1999/03/16 v1.13 key=value parser (DPC)
\KV@toks@=\toks14
)
("E:\Program Files\Miktex\tex\latex\graphics\graphics.sty"
Package: graphics 2009/02/05 v1.0o Standard LaTeX Graphics (DPC,SPQR)

("E:\Program Files\Miktex\tex\latex\graphics\trig.sty"
Package: trig 1999/03/16 v1.09 sin cos tan (DPC)
)
("E:\Program Files\Miktex\tex\latex\00miktex\graphics.cfg"
File: graphics.cfg 2007/01/18 v1.5 graphics configuration of teTeX/TeXLive
)
Package graphics Info: Driver file: pdftex.def on input line 91.

("E:\Program Files\Miktex\tex\latex\pdftex-def\pdftex.def"
File: pdftex.def 2011/01/28 v0.05d Graphics/color for pdfTeX
\Gread@gobject=\count88
))
\Gin@req@height=\dimen103
\Gin@req@width=\dimen104
)
("E:\Program Files\Miktex\tex\latex\tools\multicol.sty"
Package: multicol 2008/12/05 v1.6h multicolumn formatting (FMi)
\c@tracingmulticols=\count89
\mult@box=\box26
\multicol@leftmargin=\dimen105
\c@unbalance=\count90
\c@collectmore=\count91
\doublecol@number=\count92
\multicoltolerance=\count93
\multicolpretolerance=\count94
\full@width=\dimen106
\page@free=\dimen107
\premulticols=\dimen108
\postmulticols=\dimen109
\multicolsep=\skip43
\multicolbaselineskip=\skip44
\partial@page=\box27
\last@line=\box28
\mult@rightbox=\box29
\mult@grightbox=\box30
\mult@gfirstbox=\box31
\mult@firstbox=\box32
\@tempa=\box33
\@tempa=\box34
\@tempa=\box35
\@tempa=\box36
\@tempa=\box37
\@tempa=\box38
\@tempa=\box39
\@tempa=\box40
\@tempa=\box41
\@tempa=\box42
\@tempa=\box43
\@tempa=\box44
\@tempa=\box45
\@tempa=\box46
\@tempa=\box47
\@tempa=\box48
\@tempa=\box49
\c@columnbadness=\count95
\c@finalcolumnbadness=\count96
\last@try=\dimen110
\multicolovershoot=\dimen111
\multicolundershoot=\dimen112
\mult@nat@firstbox=\box50
\colbreak@box=\box51
)
("E:\Program Files\Miktex\tex\latex\float\float.sty"
Package: float 2001/11/08 v1.3d Float enhancements (AL)
\c@float@type=\count97
\float@exts=\toks15
\float@box=\box52
\@float@everytoks=\toks16
\@floatcapt=\box53
)
("E:\Program Files\Miktex\tex\latex\listings\listings.sty"
\lst@mode=\count98
\lst@gtempboxa=\box54
\lst@token=\toks17
\lst@length=\count99
\lst@currlwidth=\dimen113
\lst@column=\count100
\lst@pos=\count101
\lst@lostspace=\dimen114
\lst@width=\dimen115
\lst@newlines=\count102
\lst@lineno=\count103
\lst@maxwidth=\dimen116

("E:\Program Files\Miktex\tex\latex\listings\lstmisc.sty"
File: lstmisc.sty 2007/02/22 1.4 (Carsten Heinz)
\c@lstnumber=\count104
\lst@skipnumbers=\count105
\lst@framebox=\box55
)
("E:\Program Files\Miktex\tex\latex\listings\listings.cfg"
File: listings.cfg 2007/02/22 1.4 listings configuration
))
Package: listings 2007/02/22 1.4 (Carsten Heinz)

("E:\Program Files\Miktex\tex\latex\graphics\color.sty"
Package: color 2005/11/14 v1.0j Standard LaTeX Color (DPC)

("E:\Program Files\Miktex\tex\latex\00miktex\color.cfg"
File: color.cfg 2007/01/18 v1.5 color configuration of teTeX/TeXLive
)
Package color Info: Driver file: pdftex.def on input line 130.
)
("E:\Program Files\Miktex\tex\latex\base\ifthen.sty"
Package: ifthen 2001/05/26 v1.1c Standard LaTeX ifthen package (DPC)
)
("E:\Program Files\Miktex\tex\latex\xcolor\xcolor.sty"
Package: xcolor 2007/01/21 v2.11 LaTeX color extensions (UK)

("E:\Program Files\Miktex\tex\latex\00miktex\color.cfg"
File: color.cfg 2007/01/18 v1.5 color configuration of teTeX/TeXLive
)
Package xcolor Info: Driver file: pdftex.def on input line 225.

("E:\Program Files\Miktex\tex\latex\colortbl\colortbl.sty"
Package: colortbl 2001/02/13 v0.1j Color table columns (DPC)

("E:\Program Files\Miktex\tex\latex\tools\array.sty"
Package: array 2008/09/09 v2.4c Tabular extension package (FMi)
\col@sep=\dimen117
\extrarowheight=\dimen118
\NC@list=\toks18
\extratabsurround=\skip45
\backup@length=\skip46
)
\everycr=\toks19
\minrowclearance=\skip47
)
LaTeX Info: Redefining \color on input line 702.
\rownum=\count106
Package xcolor Info: Model `cmy' substituted by `cmy0' on input line 1337.
Package xcolor Info: Model `hsb' substituted by `rgb' on input line 1341.
Package xcolor Info: Model `RGB' extended on input line 1353.
Package xcolor Info: Model `HTML' substituted by `rgb' on input line 1355.
Package xcolor Info: Model `Hsb' substituted by `hsb' on input line 1356.
Package xcolor Info: Model `tHsb' substituted by `hsb' on input line 1357.
Package xcolor Info: Model `HSB' substituted by `hsb' on input line 1358.
Package xcolor Info: Model `Gray' substituted by `gray' on input line 1359.
Package xcolor Info: Model `wave' substituted by `hsb' on input line 1360.
)
("E:\Program Files\Miktex\tex\latex\base\textcomp.sty"
Package: textcomp 2005/09/27 v1.99g Standard LaTeX package
Package textcomp Info: Sub-encoding information:
(textcomp)               5 = only ISO-Adobe without \textcurrency
(textcomp)               4 = 5 + \texteuro
(textcomp)               3 = 4 + \textohm
(textcomp)               2 = 3 + \textestimated + \textcurrency
(textcomp)               1 = TS1 - \textcircled - \t
(textcomp)               0 = TS1 (full)
(textcomp)             Font families with sub-encoding setting implement
(textcomp)             only a restricted character set as indicated.
(textcomp)             Family '?' is the default used for unknown fonts.
(textcomp)             See the documentation for details.
Package textcomp Info: Setting ? sub-encoding to TS1/1 on input line 71.

("E:\Program Files\Miktex\tex\latex\base\ts1enc.def"
File: ts1enc.def 2001/06/05 v3.0e (jk/car/fm) Standard LaTeX file
)
LaTeX Info: Redefining \oldstylenums on input line 266.
Package textcomp Info: Setting cmr sub-encoding to TS1/0 on input line 281.
Package textcomp Info: Setting cmss sub-encoding to TS1/0 on input line 282.
Package textcomp Info: Setting cmtt sub-encoding to TS1/0 on input line 283.
Package textcomp Info: Setting cmvtt sub-encoding to TS1/0 on input line 284.
Package textcomp Info: Setting cmbr sub-encoding to TS1/0 on input line 285.
Package textcomp Info: Setting cmtl sub-encoding to TS1/0 on input line 286.
Package textcomp Info: Setting ccr sub-encoding to TS1/0 on input line 287.
Package textcomp Info: Setting ptm sub-encoding to TS1/4 on input line 288.
Package textcomp Info: Setting pcr sub-encoding to TS1/4 on input line 289.
Package textcomp Info: Setting phv sub-encoding to TS1/4 on input line 290.
Package textcomp Info: Setting ppl sub-encoding to TS1/3 on input line 291.
Package textcomp Info: Setting pag sub-encoding to TS1/4 on input line 292.
Package textcomp Info: Setting pbk sub-encoding to TS1/4 on input line 293.
Package textcomp Info: Setting pnc sub-encoding to TS1/4 on input line 294.
Package textcomp Info: Setting pzc sub-encoding to TS1/4 on input line 295.
Package textcomp Info: Setting bch sub-encoding to TS1/4 on input line 296.
Package textcomp Info: Setting put sub-encoding to TS1/5 on input line 297.
Package textcomp Info: Setting uag sub-encoding to TS1/5 on input line 298.
Package textcomp Info: Setting ugq sub-encoding to TS1/5 on input line 299.
Package textcomp Info: Setting ul8 sub-encoding to TS1/4 on input line 300.
Package textcomp Info: Setting ul9 sub-encoding to TS1/4 on input line 301.
Package textcomp Info: Setting augie sub-encoding to TS1/5 on input line 302.
Package textcomp Info: Setting dayrom sub-encoding to TS1/3 on input line 303.
Package textcomp Info: Setting dayroms sub-encoding to TS1/3 on input line 304.

Package textcomp Info: Setting pxr sub-encoding to TS1/0 on input line 305.
Package textcomp Info: Setting pxss sub-encoding to TS1/0 on input line 306.
Package textcomp Info: Setting pxtt sub-encoding to TS1/0 on input line 307.
Package textcomp Info: Setting txr sub-encoding to TS1/0 on input line 308.
Package textcomp Info: Setting txss sub-encoding to TS1/0 on input line 309.
Package textcomp Info: Setting txtt sub-encoding to TS1/0 on input line 310.
Package textcomp Info: Setting futs sub-encoding to TS1/4 on input line 311.
Package textcomp Info: Setting futx sub-encoding to TS1/4 on input line 312.
Package textcomp Info: Setting futj sub-encoding to TS1/4 on input line 313.
Package textcomp Info: Setting hlh sub-encoding to TS1/3 on input line 314.
Package textcomp Info: Setting hls sub-encoding to TS1/3 on input line 315.
Package textcomp Info: Setting hlst sub-encoding to TS1/3 on input line 316.
Package textcomp Info: Setting hlct sub-encoding to TS1/5 on input line 317.
Package textcomp Info: Setting hlx sub-encoding to TS1/5 on input line 318.
Package textcomp Info: Setting hlce sub-encoding to TS1/5 on input line 319.
Package textcomp Info: Setting hlcn sub-encoding to TS1/5 on input line 320.
Package textcomp Info: Setting hlcw sub-encoding to TS1/5 on input line 321.
Package textcomp Info: Setting hlcf sub-encoding to TS1/5 on input line 322.
Package textcomp Info: Setting pplx sub-encoding to TS1/3 on input line 323.
Package textcomp Info: Setting pplj sub-encoding to TS1/3 on input line 324.
Package textcomp Info: Setting ptmx sub-encoding to TS1/4 on input line 325.
Package textcomp Info: Setting ptmj sub-encoding to TS1/4 on input line 326.
)
("E:\Program Files\Miktex\tex\latex\base\alltt.sty"
Package: alltt 1997/06/16 v2.0g defines alltt environment
)
("E:\Program Files\Miktex\tex\latex\base\inputenc.sty"
Package: inputenc 2008/03/30 v1.1d Input encoding file
\inpenc@prehook=\toks20
\inpenc@posthook=\toks21

("E:\Program Files\Miktex\tex\latex\base\utf8.def"
File: utf8.def 2008/04/05 v1.1m UTF-8 support for inputenc
Now handling font encoding OML ...
... no UTF-8 mapping file for font encoding OML
Now handling font encoding T1 ...
... processing UTF-8 mapping file for font encoding T1

("E:\Program Files\Miktex\tex\latex\base\t1enc.dfu"
File: t1enc.dfu 2008/04/05 v1.1m UTF-8 support for inputenc
   defining Unicode char U+00A1 (decimal 161)
   defining Unicode char U+00A3 (decimal 163)
   defining Unicode char U+00AB (decimal 171)
   defining Unicode char U+00BB (decimal 187)
   defining Unicode char U+00BF (decimal 191)
   defining Unicode char U+00C0 (decimal 192)
   defining Unicode char U+00C1 (decimal 193)
   defining Unicode char U+00C2 (decimal 194)
   defining Unicode char U+00C3 (decimal 195)
   defining Unicode char U+00C4 (decimal 196)
   defining Unicode char U+00C5 (decimal 197)
   defining Unicode char U+00C6 (decimal 198)
   defining Unicode char U+00C7 (decimal 199)
   defining Unicode char U+00C8 (decimal 200)
   defining Unicode char U+00C9 (decimal 201)
   defining Unicode char U+00CA (decimal 202)
   defining Unicode char U+00CB (decimal 203)
   defining Unicode char U+00CC (decimal 204)
   defining Unicode char U+00CD (decimal 205)
   defining Unicode char U+00CE (decimal 206)
   defining Unicode char U+00CF (decimal 207)
   defining Unicode char U+00D0 (decimal 208)
   defining Unicode char U+00D1 (decimal 209)
   defining Unicode char U+00D2 (decimal 210)
   defining Unicode char U+00D3 (decimal 211)
   defining Unicode char U+00D4 (decimal 212)
   defining Unicode char U+00D5 (decimal 213)
   defining Unicode char U+00D6 (decimal 214)
   defining Unicode char U+00D8 (decimal 216)
   defining Unicode char U+00D9 (decimal 217)
   defining Unicode char U+00DA (decimal 218)
   defining Unicode char U+00DB (decimal 219)
   defining Unicode char U+00DC (decimal 220)
   defining Unicode char U+00DD (decimal 221)
   defining Unicode char U+00DE (decimal 222)
   defining Unicode char U+00DF (decimal 223)
   defining Unicode char U+00E0 (decimal 224)
   defining Unicode char U+00E1 (decimal 225)
   defining Unicode char U+00E2 (decimal 226)
   defining Unicode char U+00E3 (decimal 227)
   defining Unicode char U+00E4 (decimal 228)
   defining Unicode char U+00E5 (decimal 229)
   defining Unicode char U+00E6 (decimal 230)
   defining Unicode char U+00E7 (decimal 231)
   defining Unicode char U+00E8 (decimal 232)
   defining Unicode char U+00E9 (decimal 233)
   defining Unicode char U+00EA (decimal 234)
   defining Unicode char U+00EB (decimal 235)
   defining Unicode char U+00EC (decimal 236)
   defining Unicode char U+00ED (decimal 237)
   defining Unicode char U+00EE (decimal 238)
   defining Unicode char U+00EF (decimal 239)
   defining Unicode char U+00F0 (decimal 240)
   defining Unicode char U+00F1 (decimal 241)
   defining Unicode char U+00F2 (decimal 242)
   defining Unicode char U+00F3 (decimal 243)
   defining Unicode char U+00F4 (decimal 244)
   defining Unicode char U+00F5 (decimal 245)
   defining Unicode char U+00F6 (decimal 246)
   defining Unicode char U+00F8 (decimal 248)
   defining Unicode char U+00F9 (decimal 249)
   defining Unicode char U+00FA (decimal 250)
   defining Unicode char U+00FB (decimal 251)
   defining Unicode char U+00FC (decimal 252)
   defining Unicode char U+00FD (decimal 253)
   defining Unicode char U+00FE (decimal 254)
   defining Unicode char U+00FF (decimal 255)
   defining Unicode char U+0102 (decimal 258)
   defining Unicode char U+0103 (decimal 259)
   defining Unicode char U+0104 (decimal 260)
   defining Unicode char U+0105 (decimal 261)
   defining Unicode char U+0106 (decimal 262)
   defining Unicode char U+0107 (decimal 263)
   defining Unicode char U+010C (decimal 268)
   defining Unicode char U+010D (decimal 269)
   defining Unicode char U+010E (decimal 270)
   defining Unicode char U+010F (decimal 271)
   defining Unicode char U+0110 (decimal 272)
   defining Unicode char U+0111 (decimal 273)
   defining Unicode char U+0118 (decimal 280)
   defining Unicode char U+0119 (decimal 281)
   defining Unicode char U+011A (decimal 282)
   defining Unicode char U+011B (decimal 283)
   defining Unicode char U+011E (decimal 286)
   defining Unicode char U+011F (decimal 287)
   defining Unicode char U+0130 (decimal 304)
   defining Unicode char U+0131 (decimal 305)
   defining Unicode char U+0132 (decimal 306)
   defining Unicode char U+0133 (decimal 307)
   defining Unicode char U+0139 (decimal 313)
   defining Unicode char U+013A (decimal 314)
   defining Unicode char U+013D (decimal 317)
   defining Unicode char U+013E (decimal 318)
   defining Unicode char U+0141 (decimal 321)
   defining Unicode char U+0142 (decimal 322)
   defining Unicode char U+0143 (decimal 323)
   defining Unicode char U+0144 (decimal 324)
   defining Unicode char U+0147 (decimal 327)
   defining Unicode char U+0148 (decimal 328)
   defining Unicode char U+014A (decimal 330)
   defining Unicode char U+014B (decimal 331)
   defining Unicode char U+0150 (decimal 336)
   defining Unicode char U+0151 (decimal 337)
   defining Unicode char U+0152 (decimal 338)
   defining Unicode char U+0153 (decimal 339)
   defining Unicode char U+0154 (decimal 340)
   defining Unicode char U+0155 (decimal 341)
   defining Unicode char U+0158 (decimal 344)
   defining Unicode char U+0159 (decimal 345)
   defining Unicode char U+015A (decimal 346)
   defining Unicode char U+015B (decimal 347)
   defining Unicode char U+015E (decimal 350)
   defining Unicode char U+015F (decimal 351)
   defining Unicode char U+0160 (decimal 352)
   defining Unicode char U+0161 (decimal 353)
   defining Unicode char U+0162 (decimal 354)
   defining Unicode char U+0163 (decimal 355)
   defining Unicode char U+0164 (decimal 356)
   defining Unicode char U+0165 (decimal 357)
   defining Unicode char U+016E (decimal 366)
   defining Unicode char U+016F (decimal 367)
   defining Unicode char U+0170 (decimal 368)
   defining Unicode char U+0171 (decimal 369)
   defining Unicode char U+0178 (decimal 376)
   defining Unicode char U+0179 (decimal 377)
   defining Unicode char U+017A (decimal 378)
   defining Unicode char U+017B (decimal 379)
   defining Unicode char U+017C (decimal 380)
   defining Unicode char U+017D (decimal 381)
   defining Unicode char U+017E (decimal 382)
   defining Unicode char U+200C (decimal 8204)
   defining Unicode char U+2013 (decimal 8211)
   defining Unicode char U+2014 (decimal 8212)
   defining Unicode char U+2018 (decimal 8216)
   defining Unicode char U+2019 (decimal 8217)
   defining Unicode char U+201A (decimal 8218)
   defining Unicode char U+201C (decimal 8220)
   defining Unicode char U+201D (decimal 8221)
   defining Unicode char U+201E (decimal 8222)
   defining Unicode char U+2030 (decimal 8240)
   defining Unicode char U+2031 (decimal 8241)
   defining Unicode char U+2039 (decimal 8249)
   defining Unicode char U+203A (decimal 8250)
   defining Unicode char U+2423 (decimal 9251)
)
Now handling font encoding OT1 ...
... processing UTF-8 mapping file for font encoding OT1

("E:\Program Files\Miktex\tex\latex\base\ot1enc.dfu"
File: ot1enc.dfu 2008/04/05 v1.1m UTF-8 support for inputenc
   defining Unicode char U+00A1 (decimal 161)
   defining Unicode char U+00A3 (decimal 163)
   defining Unicode char U+00B8 (decimal 184)
   defining Unicode char U+00BF (decimal 191)
   defining Unicode char U+00C5 (decimal 197)
   defining Unicode char U+00C6 (decimal 198)
   defining Unicode char U+00D8 (decimal 216)
   defining Unicode char U+00DF (decimal 223)
   defining Unicode char U+00E6 (decimal 230)
   defining Unicode char U+00EC (decimal 236)
   defining Unicode char U+00ED (decimal 237)
   defining Unicode char U+00EE (decimal 238)
   defining Unicode char U+00EF (decimal 239)
   defining Unicode char U+00F8 (decimal 248)
   defining Unicode char U+0131 (decimal 305)
   defining Unicode char U+0141 (decimal 321)
   defining Unicode char U+0142 (decimal 322)
   defining Unicode char U+0152 (decimal 338)
   defining Unicode char U+0153 (decimal 339)
   defining Unicode char U+2013 (decimal 8211)
   defining Unicode char U+2014 (decimal 8212)
   defining Unicode char U+2018 (decimal 8216)
   defining Unicode char U+2019 (decimal 8217)
   defining Unicode char U+201C (decimal 8220)
   defining Unicode char U+201D (decimal 8221)
)
Now handling font encoding OMS ...
... processing UTF-8 mapping file for font encoding OMS

("E:\Program Files\Miktex\tex\latex\base\omsenc.dfu"
File: omsenc.dfu 2008/04/05 v1.1m UTF-8 support for inputenc
   defining Unicode char U+00A7 (decimal 167)
   defining Unicode char U+00B6 (decimal 182)
   defining Unicode char U+00B7 (decimal 183)
   defining Unicode char U+2020 (decimal 8224)
   defining Unicode char U+2021 (decimal 8225)
   defining Unicode char U+2022 (decimal 8226)
)
Now handling font encoding OMX ...
... no UTF-8 mapping file for font encoding OMX
Now handling font encoding U ...
... no UTF-8 mapping file for font encoding U
Now handling font encoding TS1 ...
... processing UTF-8 mapping file for font encoding TS1

("E:\Program Files\Miktex\tex\latex\base\ts1enc.dfu"
File: ts1enc.dfu 2008/04/05 v1.1m UTF-8 support for inputenc
   defining Unicode char U+00A2 (decimal 162)
   defining Unicode char U+00A3 (decimal 163)
   defining Unicode char U+00A4 (decimal 164)
   defining Unicode char U+00A5 (decimal 165)
   defining Unicode char U+00A6 (decimal 166)
   defining Unicode char U+00A7 (decimal 167)
   defining Unicode char U+00A8 (decimal 168)
   defining Unicode char U+00A9 (decimal 169)
   defining Unicode char U+00AA (decimal 170)
   defining Unicode char U+00AC (decimal 172)
   defining Unicode char U+00AE (decimal 174)
   defining Unicode char U+00AF (decimal 175)
   defining Unicode char U+00B0 (decimal 176)
   defining Unicode char U+00B1 (decimal 177)
   defining Unicode char U+00B2 (decimal 178)
   defining Unicode char U+00B3 (decimal 179)
   defining Unicode char U+00B4 (decimal 180)
   defining Unicode char U+00B5 (decimal 181)
   defining Unicode char U+00B6 (decimal 182)
   defining Unicode char U+00B7 (decimal 183)
   defining Unicode char U+00B9 (decimal 185)
   defining Unicode char U+00BA (decimal 186)
   defining Unicode char U+00BC (decimal 188)
   defining Unicode char U+00BD (decimal 189)
   defining Unicode char U+00BE (decimal 190)
   defining Unicode char U+00D7 (decimal 215)
   defining Unicode char U+00F7 (decimal 247)
   defining Unicode char U+0192 (decimal 402)
   defining Unicode char U+02C7 (decimal 711)
   defining Unicode char U+02D8 (decimal 728)
   defining Unicode char U+02DD (decimal 733)
   defining Unicode char U+0E3F (decimal 3647)
   defining Unicode char U+2016 (decimal 8214)
   defining Unicode char U+2020 (decimal 8224)
   defining Unicode char U+2021 (decimal 8225)
   defining Unicode char U+2022 (decimal 8226)
   defining Unicode char U+2030 (decimal 8240)
   defining Unicode char U+2031 (decimal 8241)
   defining Unicode char U+203B (decimal 8251)
   defining Unicode char U+203D (decimal 8253)
   defining Unicode char U+2044 (decimal 8260)
   defining Unicode char U+204E (decimal 8270)
   defining Unicode char U+2052 (decimal 8274)
   defining Unicode char U+20A1 (decimal 8353)
   defining Unicode char U+20A4 (decimal 8356)
   defining Unicode char U+20A6 (decimal 8358)
   defining Unicode char U+20A9 (decimal 8361)
   defining Unicode char U+20AB (decimal 8363)
   defining Unicode char U+20AC (decimal 8364)
   defining Unicode char U+20B1 (decimal 8369)
   defining Unicode char U+2103 (decimal 8451)
   defining Unicode char U+2116 (decimal 8470)
   defining Unicode char U+2117 (decimal 8471)
   defining Unicode char U+211E (decimal 8478)
   defining Unicode char U+2120 (decimal 8480)
   defining Unicode char U+2122 (decimal 8482)
   defining Unicode char U+2126 (decimal 8486)
   defining Unicode char U+2127 (decimal 8487)
   defining Unicode char U+212E (decimal 8494)
   defining Unicode char U+2190 (decimal 8592)
   defining Unicode char U+2191 (decimal 8593)
   defining Unicode char U+2192 (decimal 8594)
   defining Unicode char U+2193 (decimal 8595)
   defining Unicode char U+2329 (decimal 9001)
   defining Unicode char U+232A (decimal 9002)
   defining Unicode char U+2422 (decimal 9250)
   defining Unicode char U+25E6 (decimal 9702)
   defining Unicode char U+25EF (decimal 9711)
   defining Unicode char U+266A (decimal 9834)
)
   defining Unicode char U+00A9 (decimal 169)
   defining Unicode char U+00AA (decimal 170)
   defining Unicode char U+00AE (decimal 174)
   defining Unicode char U+00BA (decimal 186)
   defining Unicode char U+02C6 (decimal 710)
   defining Unicode char U+02DC (decimal 732)
   defining Unicode char U+200C (decimal 8204)
   defining Unicode char U+2026 (decimal 8230)
   defining Unicode char U+2122 (decimal 8482)
   defining Unicode char U+2423 (decimal 9251)
))
("E:\Program Files\Miktex\tex\latex\psnfss\mathptmx.sty"
Package: mathptmx 2005/04/12 PSNFSS-v9.2a Times w/ Math, improved (SPQR, WaS) 
LaTeX Font Info:    Redeclaring symbol font `operators' on input line 28.
LaTeX Font Info:    Overwriting symbol font `operators' in version `normal'
(Font)                  OT1/cmr/m/n --> OT1/ztmcm/m/n on input line 28.
LaTeX Font Info:    Overwriting symbol font `operators' in version `bold'
(Font)                  OT1/cmr/bx/n --> OT1/ztmcm/m/n on input line 28.
LaTeX Font Info:    Redeclaring symbol font `letters' on input line 29.
LaTeX Font Info:    Overwriting symbol font `letters' in version `normal'
(Font)                  OML/cmm/m/it --> OML/ztmcm/m/it on input line 29.
LaTeX Font Info:    Overwriting symbol font `letters' in version `bold'
(Font)                  OML/cmm/b/it --> OML/ztmcm/m/it on input line 29.
LaTeX Font Info:    Redeclaring symbol font `symbols' on input line 30.
LaTeX Font Info:    Overwriting symbol font `symbols' in version `normal'
(Font)                  OMS/cmsy/m/n --> OMS/ztmcm/m/n on input line 30.
LaTeX Font Info:    Overwriting symbol font `symbols' in version `bold'
(Font)                  OMS/cmsy/b/n --> OMS/ztmcm/m/n on input line 30.
LaTeX Font Info:    Redeclaring symbol font `largesymbols' on input line 31.
LaTeX Font Info:    Overwriting symbol font `largesymbols' in version `normal'
(Font)                  OMX/cmex/m/n --> OMX/ztmcm/m/n on input line 31.
LaTeX Font Info:    Overwriting symbol font `largesymbols' in version `bold'
(Font)                  OMX/cmex/m/n --> OMX/ztmcm/m/n on input line 31.
\symbold=\mathgroup4
\symitalic=\mathgroup5
LaTeX Font Info:    Redeclaring math alphabet \mathbf on input line 34.
LaTeX Font Info:    Overwriting math alphabet `\mathbf' in version `normal'
(Font)                  OT1/cmr/bx/n --> OT1/ptm/bx/n on input line 34.
LaTeX Font Info:    Overwriting math alphabet `\mathbf' in version `bold'
(Font)                  OT1/cmr/bx/n --> OT1/ptm/bx/n on input line 34.
LaTeX Font Info:    Redeclaring math alphabet \mathit on input line 35.
LaTeX Font Info:    Overwriting math alphabet `\mathit' in version `normal'
(Font)                  OT1/cmr/m/it --> OT1/ptm/m/it on input line 35.
LaTeX Font Info:    Overwriting math alphabet `\mathit' in version `bold'
(Font)                  OT1/cmr/bx/it --> OT1/ptm/m/it on input line 35.
LaTeX Info: Redefining \hbar on input line 50.
)
("E:\Program Files\Miktex\tex\latex\psnfss\helvet.sty"
Package: helvet 2005/04/12 PSNFSS-v9.2a (WaS) 
)
("E:\Program Files\Miktex\tex\latex\psnfss\courier.sty"
Package: courier 2005/04/12 PSNFSS-v9.2a (WaS) 
)
(C:\wamp\www\framework\Documentation\latex\doxygen.sty
Package: doxygen 

("E:\Program Files\Miktex\tex\latex\tools\calc.sty"
Package: calc 2007/08/22 v4.3 Infix arithmetic (KKT,FJ)
\calc@Acount=\count107
\calc@Bcount=\count108
\calc@Adimen=\dimen119
\calc@Bdimen=\dimen120
\calc@Askip=\skip48
\calc@Bskip=\skip49
LaTeX Info: Redefining \setlength on input line 76.
LaTeX Info: Redefining \addtolength on input line 77.
\calc@Ccount=\count109
\calc@Cskip=\skip50
)
("E:\Program Files\Miktex\tex\latex\fancyhdr\fancyhdr.sty"
\fancy@headwidth=\skip51
\f@ncyO@elh=\skip52
\f@ncyO@erh=\skip53
\f@ncyO@olh=\skip54
\f@ncyO@orh=\skip55
\f@ncyO@elf=\skip56
\f@ncyO@erf=\skip57
\f@ncyO@olf=\skip58
\f@ncyO@orf=\skip59
)
("E:\Program Files\Miktex\tex\latex\tools\longtable.sty"
Package: longtable 2004/02/01 v4.11 Multi-page Table package (DPC)
\LTleft=\skip60
\LTright=\skip61
\LTpre=\skip62
\LTpost=\skip63
\LTchunksize=\count110
\LTcapwidth=\dimen121
\LT@head=\box56
\LT@firsthead=\box57
\LT@foot=\box58
\LT@lastfoot=\box59
\LT@cols=\count111
\LT@rows=\count112
\c@LT@tables=\count113
\c@LT@chunks=\count114
\LT@p@ftn=\toks22
)
("E:\Program Files\Miktex\tex\latex\tools\verbatim.sty"
Package: verbatim 2003/08/22 v1.5q LaTeX2e package for verbatim enhancements
\every@verbatim=\toks23
\verbatim@line=\toks24
\verbatim@in@stream=\read1
)
("E:\Program Files\Miktex\tex\latex\sectsty\sectsty.sty"
Package: sectsty 2002/02/25 v2.0.2 Commands to change all sectional heading sty
les
)
("E:\Program Files\Miktex\tex\latex\tocloft\tocloft.sty"
Package: tocloft 2010/10/13 v2.3e parameterised ToC, etc., typesetting
Package tocloft Info: The document has chapter divisions on input line 43.
\cftparskip=\skip64
\cftbeforetoctitleskip=\skip65
\cftaftertoctitleskip=\skip66
\cftbeforepartskip=\skip67
\cftpartnumwidth=\skip68
\cftpartindent=\skip69
\cftbeforechapskip=\skip70
\cftchapindent=\skip71
\cftchapnumwidth=\skip72
\cftbeforesecskip=\skip73
\cftsecindent=\skip74
\cftsecnumwidth=\skip75
\cftbeforesubsecskip=\skip76
\cftsubsecindent=\skip77
\cftsubsecnumwidth=\skip78
\cftbeforesubsubsecskip=\skip79
\cftsubsubsecindent=\skip80
\cftsubsubsecnumwidth=\skip81
\cftbeforeparaskip=\skip82
\cftparaindent=\skip83
\cftparanumwidth=\skip84
\cftbeforesubparaskip=\skip85
\cftsubparaindent=\skip86
\cftsubparanumwidth=\skip87
\cftbeforeloftitleskip=\skip88
\cftafterloftitleskip=\skip89
\cftbeforefigskip=\skip90
\cftfigindent=\skip91
\cftfignumwidth=\skip92
\c@lofdepth=\count115
\c@lotdepth=\count116
\cftbeforelottitleskip=\skip93
\cftafterlottitleskip=\skip94
\cftbeforetabskip=\skip95
\cfttabindent=\skip96
\cfttabnumwidth=\skip97
)
\tmplength=\skip98

("E:\Program Files\Miktex\tex\latex\base\fontenc.sty"
Package: fontenc 2005/09/27 v1.99g Standard LaTeX package

("E:\Program Files\Miktex\tex\latex\base\t1enc.def"
File: t1enc.def 2005/09/27 v1.99g Standard LaTeX file
LaTeX Font Info:    Redeclaring font encoding T1 on input line 43.
)))
("E:\Program Files\Miktex\tex\latex\listings\lstlang1.sty"
File: lstlang1.sty 2004/09/05 1.3 listings language file
)
("E:\Program Files\Miktex\tex\latex\listings\lstlang1.sty"
File: lstlang1.sty 2004/09/05 1.3 listings language file
)
("E:\Program Files\Miktex\tex\latex\listings\lstmisc.sty"
File: lstmisc.sty 2007/02/22 1.4 (Carsten Heinz)
)
\@indexfile=\write3

Writing index file refman.idx
(C:\wamp\www\framework\Documentation\latex\refman.aux)
LaTeX Font Info:    Checking defaults for OML/cmm/m/it on input line 21.
LaTeX Font Info:    ... okay on input line 21.
LaTeX Font Info:    Checking defaults for T1/cmr/m/n on input line 21.
LaTeX Font Info:    ... okay on input line 21.
LaTeX Font Info:    Checking defaults for OT1/cmr/m/n on input line 21.
LaTeX Font Info:    ... okay on input line 21.
LaTeX Font Info:    Checking defaults for OMS/cmsy/m/n on input line 21.
LaTeX Font Info:    ... okay on input line 21.
LaTeX Font Info:    Checking defaults for OMX/cmex/m/n on input line 21.
LaTeX Font Info:    ... okay on input line 21.
LaTeX Font Info:    Checking defaults for U/cmr/m/n on input line 21.
LaTeX Font Info:    ... okay on input line 21.
LaTeX Font Info:    Checking defaults for TS1/cmr/m/n on input line 21.
LaTeX Font Info:    Try loading font information for TS1+cmr on input line 21.

("E:\Program Files\Miktex\tex\latex\base\ts1cmr.fd"
File: ts1cmr.fd 1999/05/25 v2.5h Standard LaTeX font definitions
)
LaTeX Font Info:    ... okay on input line 21.
LaTeX Font Info:    Try loading font information for T1+ptm on input line 21.

("E:\Program Files\Miktex\tex\latex\psnfss\t1ptm.fd"
File: t1ptm.fd 2001/06/04 font definitions for T1/ptm.
)
("E:\Program Files\Miktex\tex\context\base\supp-pdf.mkii"
[Loading MPS to PDF converter (version 2006.09.02).]
\scratchcounter=\count117
\scratchdimen=\dimen122
\scratchbox=\box60
\nofMPsegments=\count118
\nofMParguments=\count119
\everyMPshowfont=\toks25
\MPscratchCnt=\count120
\MPscratchDim=\dimen123
\MPnumerator=\count121
\everyMPtoPDFconversion=\toks26
)
\c@lstlisting=\count122
\big@size=\dimen124
 [1


{C:/Users/Roland/AppData/Local/MiKTeX/2.9/pdftex/config/pdftex.map}]
[2

]
LaTeX Font Info:    Font shape `T1/ptm/bx/n' in size <24.88> not available
(Font)              Font shape `T1/ptm/b/n' tried instead on input line 34.
 (C:\wamp\www\framework\Documentation\latex\refman.toc
LaTeX Font Info:    Font shape `T1/ptm/bx/n' in size <10> not available
(Font)              Font shape `T1/ptm/b/n' tried instead on input line 1.
LaTeX Font Info:    Try loading font information for OT1+ztmcm on input line 1.


("E:\Program Files\Miktex\tex\latex\psnfss\ot1ztmcm.fd"
File: ot1ztmcm.fd 2000/01/03 Fontinst v1.801 font definitions for OT1/ztmcm.
)
LaTeX Font Info:    Try loading font information for OML+ztmcm on input line 1.


("E:\Program Files\Miktex\tex\latex\psnfss\omlztmcm.fd"
File: omlztmcm.fd 2000/01/03 Fontinst v1.801 font definitions for OML/ztmcm.
)
LaTeX Font Info:    Try loading font information for OMS+ztmcm on input line 1.


("E:\Program Files\Miktex\tex\latex\psnfss\omsztmcm.fd"
File: omsztmcm.fd 2000/01/03 Fontinst v1.801 font definitions for OMS/ztmcm.
)
LaTeX Font Info:    Try loading font information for OMX+ztmcm on input line 1.


("E:\Program Files\Miktex\tex\latex\psnfss\omxztmcm.fd"
File: omxztmcm.fd 2000/01/03 Fontinst v1.801 font definitions for OMX/ztmcm.
)
LaTeX Font Info:    Try loading font information for OT1+ptm on input line 1.

("E:\Program Files\Miktex\tex\latex\psnfss\ot1ptm.fd"
File: ot1ptm.fd 2001/06/04 font definitions for OT1/ptm.
)
LaTeX Font Info:    Font shape `OT1/ptm/bx/n' in size <10> not available
(Font)              Font shape `OT1/ptm/b/n' tried instead on input line 1.
LaTeX Font Info:    Font shape `OT1/ptm/bx/n' in size <7.4> not available
(Font)              Font shape `OT1/ptm/b/n' tried instead on input line 1.
LaTeX Font Info:    Font shape `OT1/ptm/bx/n' in size <6> not available
(Font)              Font shape `OT1/ptm/b/n' tried instead on input line 1.
 [1]
LaTeX Font Info:    Font shape `T1/ptm/bx/n' in size <7> not available
(Font)              Font shape `T1/ptm/b/n' tried instead on input line 86.
 [2] [3] [4] [5])
\tf@toc=\write4

[6]
Chapter 1.
LaTeX Font Info:    Font shape `T1/ptm/bx/n' in size <20.74> not available
(Font)              Font shape `T1/ptm/b/n' tried instead on input line 37.
LaTeX Font Info:    Try loading font information for OT1+phv on input line 37.
("E:\Program Files\Miktex\tex\latex\psnfss\ot1phv.fd"
File: ot1phv.fd 2001/06/04 scalable font definitions for OT1/phv.
)
LaTeX Font Info:    Font shape `OT1/phv/bc/n' will be
(Font)              scaled to size 18.66588pt on input line 37.
LaTeX Font Info:    Font shape `OT1/phv/bc/n' will be
(Font)              scaled to size 22.39185pt on input line 37.

(C:\wamp\www\framework\Documentation\latex\todo.tex
Overfull \hbox (11.71355pt too wide) in paragraph at lines 4--5
[]\T1/ptm/m/n/10 some checks for valid
 []


Overfull \hbox (16.28276pt too wide) in paragraph at lines 30--31
[]\T1/ptm/m/n/10 allow ob-jects rep-re-sent-ing same ta-ble, but dif-fer-ent co
lumns 
 []


Overfull \hbox (154.44191pt too wide) in paragraph at lines 42--43
[]
 []

) [1


] [2

]
Chapter 2.
(C:\wamp\www\framework\Documentation\latex\namespaces.tex
LaTeX Font Info:    Font shape `T1/ptm/bx/n' in size <14.4> not available
(Font)              Font shape `T1/ptm/b/n' tried instead on input line 1.
LaTeX Font Info:    Font shape `OT1/phv/bc/n' will be
(Font)              scaled to size 12.9599pt on input line 1.
) [3] [4

]
Chapter 3.
(C:\wamp\www\framework\Documentation\latex\hierarchy.tex) [5] [6

]
Chapter 4.
(C:\wamp\www\framework\Documentation\latex\annotated.tex) [7] [8

]
Chapter 5.
(C:\wamp\www\framework\Documentation\latex\files.tex) [9] [10

]
Chapter 6.
(C:\wamp\www\framework\Documentation\latex\namespace_roland.tex
LaTeX Font Info:    Font shape `T1/ptm/bx/n' in size <12> not available
(Font)              Font shape `T1/ptm/b/n' tried instead on input line 5.
LaTeX Font Info:    Font shape `OT1/phv/bc/n' will be
(Font)              scaled to size 10.79993pt on input line 5.
)
(C:\wamp\www\framework\Documentation\latex\namespacerolisz.tex) [11] [12

]
Chapter 7.
(C:\wamp\www\framework\Documentation\latex\classacl.tex
<classacl.pdf, id=68, 501.875pt x 1116.17pt>
File: classacl.pdf Graphic file (type pdf)
 <use classacl.pdf>
LaTeX Font Info:    Try loading font information for TS1+ptm on input line 12.

("E:\Program Files\Miktex\tex\latex\psnfss\ts1ptm.fd"
File: ts1ptm.fd 2001/06/04 font definitions for TS1/ptm.
) [13 <C:/wamp/www/framework/Documentation/latex/classacl.pdf>]
LaTeX Font Info:    Font shape `OT1/phv/bc/n' will be
(Font)              scaled to size 8.99994pt on input line 70.
LaTeX Font Info:    Try loading font information for TS1+phv on input line 70.

("E:\Program Files\Miktex\tex\latex\psnfss\ts1phv.fd"
File: ts1phv.fd 2001/06/04 scalable font definitions for TS1/phv.
)
LaTeX Font Info:    Font shape `TS1/phv/bc/n' will be
(Font)              scaled to size 8.99994pt on input line 70.
LaTeX Font Info:    Font shape `OT1/phv/bc/it' in size <10> not available
(Font)              Font shape `OT1/phv/bc/sl' tried instead on input line 70.
LaTeX Font Info:    Font shape `OT1/phv/bc/sl' will be
(Font)              scaled to size 8.99994pt on input line 70.
LaTeX Font Info:    Try loading font information for OT1+pcr on input line 70.

("E:\Program Files\Miktex\tex\latex\psnfss\ot1pcr.fd"
File: ot1pcr.fd 2001/06/04 font definitions for OT1/pcr.
)

LaTeX Font Warning: Font shape `OT1/pcr/bc/it' undefined
(Font)              using `OT1/pcr/m/n' instead on input line 70.

LaTeX Font Info:    Try loading font information for T1+pcr on input line 77.
("E:\Program Files\Miktex\tex\latex\psnfss\t1pcr.fd"
File: t1pcr.fd 2001/06/04 font definitions for T1/pcr.
)
Underfull \hbox (badness 10000) in paragraph at lines 77--78
\T1/pcr/m/n/10 'requesters' =$\OML/ztmcm/m/it/10 >$ \T1/pcr/m/n/10 array( 'user
s' =$\OML/ztmcm/m/it/10 >$ \T1/pcr/m/n/10 array(
 []


Underfull \hbox (badness 10000) in paragraph at lines 77--78
\T1/pcr/m/n/10 'test' , 'rolisz' ), 'mods' =$\OML/ztmcm/m/it/10 >$ \T1/pcr/m/n/
10 array(
 []


Underfull \hbox (badness 10000) in paragraph at lines 77--78
\T1/pcr/m/n/10 'bad_-mod' ), 'admins' ), 'resources' =$\OML/ztmcm/m/it/10 >$
 []


Underfull \hbox (badness 10000) in paragraph at lines 77--78
\T1/pcr/m/n/10 array( 'posts' , 'stats' , 'comments' ,
 []


Underfull \hbox (badness 10000) in paragraph at lines 77--78
\T1/pcr/m/n/10 'users' ), 'actions' =$\OML/ztmcm/m/it/10 >$ \T1/pcr/m/n/10 arra
y( 'view' ,
 []


Underfull \hbox (badness 10000) in paragraph at lines 77--78
\T1/pcr/m/n/10 'edit' , 'delete' , 'ban' ), 'permissions'
 []


Underfull \hbox (badness 10000) in paragraph at lines 77--78
\T1/pcr/m/n/10 =$\OML/ztmcm/m/it/10 >$ \T1/pcr/m/n/10 array( array( 'users' , '
posts' ,
 []


Underfull \hbox (badness 10000) in paragraph at lines 77--78
\T1/pcr/m/n/10 'view' ), array( 'users' , 'comments' ,
 []


Underfull \hbox (badness 10000) in paragraph at lines 77--78
\T1/pcr/m/n/10 'view' ), array( 'users' , 'comments' ,
 []


Overfull \hbox (22.2886pt too wide) in alignment at lines 72--81
 [] [] [] 
 []


Underfull \vbox (badness 10000) detected at line 81
 []


Underfull \vbox (badness 10000) has occurred while \output is active []

 [14]
Overfull \hbox (22.2886pt too wide) in alignment at lines 95--102
 [] [] [] 
 []


Underfull \vbox (badness 10000) detected at line 102
 []


Overfull \hbox (21.89388pt too wide) in alignment at lines 104--109
 [] [] 
 []


Underfull \vbox (badness 10000) detected at line 109
 []


LaTeX Font Warning: Font shape `OT1/pcr/bc/n' undefined
(Font)              using `OT1/pcr/m/n' instead on input line 116.


Overfull \hbox (21.89388pt too wide) in alignment at lines 118--123
 [] [] 
 []


Underfull \vbox (badness 10000) detected at line 123
 []


Overfull \hbox (22.2886pt too wide) in alignment at lines 133--138
 [] [] [] 
 []


Underfull \vbox (badness 10000) detected at line 138
 []


Underfull \vbox (badness 10000) has occurred while \output is active []

 [15]
Overfull \hbox (21.89388pt too wide) in alignment at lines 140--145
 [] [] 
 []


Underfull \vbox (badness 10000) detected at line 145
 []


Overfull \hbox (22.2886pt too wide) in alignment at lines 157--166
 [] [] [] 
 []


Underfull \vbox (badness 10000) detected at line 166
 []


Overfull \hbox (21.89388pt too wide) in alignment at lines 168--173
 [] [] 
 []


Underfull \vbox (badness 10000) detected at line 173
 []


Overfull \hbox (22.2886pt too wide) in alignment at lines 182--185
 [] [] [] 
 []


Underfull \vbox (badness 10000) detected at line 185
 []

[16]
Overfull \hbox (22.2886pt too wide) in alignment at lines 211--214
 [] [] [] 
 []


Underfull \vbox (badness 10000) detected at line 214
 []


Overfull \hbox (38.82724pt too wide) in paragraph at lines 227--227
 []|\T1/ptm/b/n/10 databaseAdapter 
 []


Overfull \hbox (22.2886pt too wide) in alignment at lines 224--229
 [] [] [] 
 []


Underfull \vbox (badness 10000) detected at line 229
 []


Overfull \hbox (22.2886pt too wide) in alignment at lines 238--241
 [] [] [] 
 []


Underfull \vbox (badness 10000) detected at line 241
 []


Overfull \hbox (21.89388pt too wide) in alignment at lines 243--248
 [] [] 
 []


Underfull \vbox (badness 10000) detected at line 248
 []


Underfull \vbox (badness 10000) has occurred while \output is active []

 [17])
(C:\wamp\www\framework\Documentation\latex\classbase.tex
<classbase.pdf, id=92, 501.875pt x 71.26625pt>
File: classbase.pdf Graphic file (type pdf)
 <use classbase.pdf>
Overfull \hbox (51.95935pt too wide) in paragraph at lines 5--7
 [] 
 []

[18 <C:/wamp/www/framework/Documentation/latex/classbase.pdf>]
Overfull \hbox (22.2886pt too wide) in alignment at lines 69--72
 [] [] [] 
 []


Underfull \vbox (badness 10000) detected at line 72
 []


Overfull \hbox (21.89388pt too wide) in alignment at lines 74--79
 [] [] 
 []


Underfull \vbox (badness 10000) detected at line 79
 []


Overfull \hbox (22.2886pt too wide) in alignment at lines 88--91
 [] [] [] 
 []


Underfull \vbox (badness 10000) detected at line 91
 []


Overfull \hbox (21.89388pt too wide) in alignment at lines 93--98
 [] [] 
 []


Underfull \vbox (badness 10000) detected at line 98
 []


Underfull \vbox (badness 10000) has occurred while \output is active []

 [19]
Overfull \hbox (22.2886pt too wide) in alignment at lines 108--113
 [] [] [] 
 []


Underfull \vbox (badness 10000) detected at line 113
 []

) (C:\wamp\www\framework\Documentation\latex\interfacedatabase_adapter.tex
<interfacedatabase_adapter.pdf, id=102, 501.875pt x 338.26375pt>
File: interfacedatabase_adapter.pdf Graphic file (type pdf)

<use interfacedatabase_adapter.pdf> [20 <C:/wamp/www/framework/Documentation/la
tex/interfacedatabase_adapter.pdf>] [21] [22])
(C:\wamp\www\framework\Documentation\latex\classform.tex
<classform.pdf, id=115, 501.875pt x 1116.17pt>
File: classform.pdf Graphic file (type pdf)
 <use classform.pdf> [23 <C:/wamp/www/framework/Documentation/latex/classform.p
df>]
Overfull \hbox (22.2886pt too wide) in alignment at lines 64--69
 [] [] [] 
 []


Underfull \vbox (badness 10000) detected at line 69
 []


Overfull \hbox (22.2886pt too wide) in alignment at lines 82--87
 [] [] [] 
 []


Underfull \vbox (badness 10000) detected at line 87
 []

[24]
Overfull \hbox (22.2886pt too wide) in alignment at lines 139--144
 [] [] [] 
 []


Underfull \vbox (badness 10000) detected at line 144
 []


Overfull \hbox (22.2886pt too wide) in alignment at lines 156--159
 [] [] [] 
 []


Underfull \vbox (badness 10000) detected at line 159
 []


Overfull \hbox (21.89388pt too wide) in alignment at lines 175--180
 [] [] 
 []


Underfull \vbox (badness 10000) detected at line 180
 []

[25]) (C:\wamp\www\framework\Documentation\latex\class_my_s_q_li_database.tex
<class_my_s_q_li_database.pdf, id=129, 501.875pt x 338.26375pt>
File: class_my_s_q_li_database.pdf Graphic file (type pdf)

<use class_my_s_q_li_database.pdf> [26 <C:/wamp/www/framework/Documentation/lat
ex/class_my_s_q_li_database.pdf>]
Overfull \hbox (22.2886pt too wide) in alignment at lines 85--94
 [] [] [] 
 []


Underfull \vbox (badness 10000) detected at line 94
 []


Underfull \vbox (badness 10000) has occurred while \output is active []

 [27]
Overfull \hbox (22.2886pt too wide) in alignment at lines 118--123
 [] [] [] 
 []


Underfull \vbox (badness 10000) detected at line 123
 []


Overfull \hbox (21.89388pt too wide) in alignment at lines 125--130
 [] [] 
 []


Underfull \vbox (badness 10000) detected at line 130
 []


Underfull \hbox (badness 10000) in paragraph at lines 169--170
[]|\T1/ptm/m/n/10 Example: \T1/pcr/m/n/10 array('id'=$\OML/ztmcm/m/it/10 >$\T1/
pcr/m/n/10 array('INT','NOT
 []


Underfull \hbox (badness 10000) in paragraph at lines 169--170
\T1/pcr/m/n/10 NULL','AUTO_-INCREMENT','PRIMARY
 []


Overfull \hbox (22.2886pt too wide) in alignment at lines 166--171
 [] [] [] 
 []


Underfull \vbox (badness 10000) detected at line 171
 []


Overfull \hbox (21.89388pt too wide) in alignment at lines 173--178
 [] [] 
 []


Underfull \vbox (badness 10000) detected at line 178
 []


Underfull \vbox (badness 10000) has occurred while \output is active []

 [28]
Overfull \hbox (22.2886pt too wide) in alignment at lines 202--205
 [] [] [] 
 []


Underfull \vbox (badness 10000) detected at line 205
 []


Overfull \hbox (21.89388pt too wide) in alignment at lines 207--212
 [] [] 
 []


Underfull \vbox (badness 10000) detected at line 212
 []


Overfull \hbox (22.2886pt too wide) in alignment at lines 225--228
 [] [] [] 
 []


Underfull \vbox (badness 10000) detected at line 228
 []


Overfull \hbox (22.2886pt too wide) in alignment at lines 245--250
 [] [] [] 
 []


Underfull \vbox (badness 10000) detected at line 250
 []


Underfull \vbox (badness 10000) has occurred while \output is active []

 [29]
Overfull \hbox (22.2886pt too wide) in alignment at lines 266--269
 [] [] [] 
 []


Underfull \vbox (badness 10000) detected at line 269
 []


Overfull \hbox (22.2886pt too wide) in alignment at lines 282--287
 [] [] [] 
 []


Underfull \vbox (badness 10000) detected at line 287
 []

[30]
Overfull \hbox (22.2886pt too wide) in alignment at lines 359--362
 [] [] [] 
 []


Underfull \vbox (badness 10000) detected at line 362
 []

[31]
Overfull \hbox (22.2886pt too wide) in alignment at lines 387--390
 [] [] [] 
 []


Underfull \vbox (badness 10000) detected at line 390
 []


Overfull \hbox (21.89388pt too wide) in alignment at lines 392--397
 [] [] 
 []


Underfull \vbox (badness 10000) detected at line 397
 []


Overfull \hbox (22.2886pt too wide) in alignment at lines 421--424
 [] [] [] 
 []


Underfull \vbox (badness 10000) detected at line 424
 []


Overfull \hbox (21.89388pt too wide) in alignment at lines 426--431
 [] [] 
 []


Underfull \vbox (badness 10000) detected at line 431
 []

[32]) (C:\wamp\www\framework\Documentation\latex\classplugin.tex
<classplugin.pdf, id=156, 501.875pt x 558.085pt>
File: classplugin.pdf Graphic file (type pdf)
 <use classplugin.pdf> [33 <C:/wamp/www/framework/Documentation/latex/classplug
in.pdf>]
Overfull \hbox (21.89388pt too wide) in alignment at lines 60--67
 [] [] 
 []


Underfull \vbox (badness 10000) detected at line 67
 []


Overfull \hbox (21.89388pt too wide) in alignment at lines 91--94
 [] [] 
 []


Underfull \vbox (badness 10000) detected at line 94
 []


Underfull \vbox (badness 10000) has occurred while \output is active []

 [34])
(C:\wamp\www\framework\Documentation\latex\classplugin_structure.tex
<classplugin_structure.pdf, id=166, 501.875pt x 379.4175pt>
File: classplugin_structure.pdf Graphic file (type pdf)

<use classplugin_structure.pdf> [35 <C:/wamp/www/framework/Documentation/latex/
classplugin_structure.pdf>]
Overfull \hbox (22.2886pt too wide) in alignment at lines 59--62
 [] [] [] 
 []


Underfull \vbox (badness 10000) detected at line 62
 []


Overfull \hbox (21.89388pt too wide) in alignment at lines 64--69
 [] [] 
 []


Underfull \vbox (badness 10000) detected at line 69
 []


Overfull \hbox (22.2886pt too wide) in alignment at lines 78--81
 [] [] [] 
 []


Underfull \vbox (badness 10000) detected at line 81
 []


Overfull \hbox (21.89388pt too wide) in alignment at lines 83--88
 [] [] 
 []


Underfull \vbox (badness 10000) detected at line 88
 []


Overfull \hbox (22.2886pt too wide) in alignment at lines 97--100
 [] [] [] 
 []


Underfull \vbox (badness 10000) detected at line 100
 []


Overfull \hbox (21.88861pt too wide) in alignment at lines 110--117
 [] [] 
 []


Underfull \vbox (badness 10000) detected at line 117
 []


Underfull \vbox (badness 10000) has occurred while \output is active []

 [36]
Overfull \hbox (21.88861pt too wide) in alignment at lines 122--125
 [] [] 
 []


Underfull \vbox (badness 10000) detected at line 125
 []


Overfull \hbox (22.2886pt too wide) in alignment at lines 135--138
 [] [] [] 
 []


Underfull \vbox (badness 10000) detected at line 138
 []


Overfull \hbox (22.2886pt too wide) in alignment at lines 147--150
 [] [] [] 
 []


Underfull \vbox (badness 10000) detected at line 150
 []


Overfull \hbox (22.2886pt too wide) in alignment at lines 159--162
 [] [] [] 
 []


Underfull \vbox (badness 10000) detected at line 162
 []

) (C:\wamp\www\framework\Documentation\latex\class_query.tex
<class_query.pdf, id=177, 501.875pt x 717.68124pt>
File: class_query.pdf Graphic file (type pdf)
 <use class_query.pdf>
Underfull \vbox (badness 1275) has occurred while \output is active []

 [37]
Overfull \hbox (22.2886pt too wide) in alignment at lines 44--53
 [] [] [] 
 []


Underfull \vbox (badness 10000) detected at line 53
 []


Overfull \hbox (22.2886pt too wide) in alignment at lines 67--74
 [] [] [] 
 []


Underfull \vbox (badness 10000) detected at line 74
 []

[38 <C:/wamp/www/framework/Documentation/latex/class_query.pdf>]
Overfull \hbox (22.2886pt too wide) in alignment at lines 87--92
 [] [] [] 
 []


Underfull \vbox (badness 10000) detected at line 92
 []

) (C:\wamp\www\framework\Documentation\latex\classrolisz.tex
<classrolisz.pdf, id=187, 501.875pt x 803.0pt>
File: classrolisz.pdf Graphic file (type pdf)
 <use classrolisz.pdf> [39]
Overfull \hbox (22.2886pt too wide) in alignment at lines 52--55
 [] [] [] 
 []


Underfull \vbox (badness 10000) detected at line 55
 []


Overfull \hbox (22.2886pt too wide) in alignment at lines 65--70
 [] [] [] 
 []


Underfull \vbox (badness 10000) detected at line 70
 []

[40 <C:/wamp/www/framework/Documentation/latex/classrolisz.pdf>]
Overfull \hbox (26.69603pt too wide) in paragraph at lines 82--83
\T1/ptm/m/n/10 Connects to a database adapter that im-ple-ments the in-ter-face
 de-fined in \T1/ptm/b/n/10 databaseAdapter.php
 []


Overfull \hbox (22.2886pt too wide) in alignment at lines 83--94
 [] [] [] 
 []


Underfull \vbox (badness 10000) detected at line 94
 []


Overfull \hbox (22.2886pt too wide) in alignment at lines 106--109
 [] [] [] 
 []


Underfull \vbox (badness 10000) detected at line 109
 []


Overfull \hbox (22.2886pt too wide) in alignment at lines 121--124
 [] [] [] 
 []


Underfull \vbox (badness 10000) detected at line 124
 []


Underfull \vbox (badness 10000) has occurred while \output is active []

 [41]
Overfull \hbox (22.2886pt too wide) in alignment at lines 176--179
 [] [] [] 
 []


Underfull \vbox (badness 10000) detected at line 179
 []

[42]) (C:\wamp\www\framework\Documentation\latex\classrouter.tex
<classrouter.pdf, id=204, 501.875pt x 743.77875pt>
File: classrouter.pdf Graphic file (type pdf)
 <use classrouter.pdf>
[43 <C:/wamp/www/framework/Documentation/latex/classrouter.pdf>]
Overfull \hbox (22.2886pt too wide) in alignment at lines 37--40
 [] [] [] 
 []


Underfull \vbox (badness 10000) detected at line 40
 []


Overfull \hbox (21.89388pt too wide) in alignment at lines 42--47
 [] [] 
 []


Underfull \vbox (badness 10000) detected at line 47
 []


Overfull \hbox (22.2886pt too wide) in alignment at lines 59--68
 [] [] [] 
 []


Underfull \vbox (badness 10000) detected at line 68
 []


Overfull \hbox (22.2886pt too wide) in alignment at lines 85--90
 [] [] [] 
 []


Underfull \vbox (badness 10000) detected at line 90
 []

[44]) (C:\wamp\www\framework\Documentation\latex\classtable.tex
<classtable.pdf, id=214, 501.875pt x 855.195pt>
File: classtable.pdf Graphic file (type pdf)
 <use classtable.pdf>
Overfull \hbox (26.88686pt too wide) in paragraph at lines 34--36
[]\T1/ptm/b/n/10 find \T1/ptm/m/n/10 ($\T1/ptm/b/n/10 ta-ble\T1/ptm/m/n/10 , $f
il-ters=array(), $or-der-group=array(), $columns=array(), $im-port=TRUE) 
 []


Overfull \hbox (10.21635pt too wide) in paragraph at lines 40--42
[]\T1/ptm/b/n/10 addRelationM2M \T1/ptm/m/n/10 ($con-nec-tortable, $thisid, $ma
ppe-did, $con-nect-edtable, $thatid,
 []

[45 <C:/wamp/www/framework/Documentation/latex/classtable.pdf>] [46]
Overfull \hbox (38.82724pt too wide) in paragraph at lines 118--118
 []|\T1/ptm/b/n/10 databaseAdapter 
 []


Overfull \hbox (22.2886pt too wide) in alignment at lines 111--120
 [] [] [] 
 []


Underfull \vbox (badness 10000) detected at line 120
 []


Overfull \hbox (22.2886pt too wide) in alignment at lines 133--138
 [] [] [] 
 []


Underfull \vbox (badness 10000) detected at line 138
 []


Overfull \hbox (22.2886pt too wide) in alignment at lines 149--152
 [] [] [] 
 []


Underfull \vbox (badness 10000) detected at line 152
 []


Overfull \hbox (22.2886pt too wide) in alignment at lines 164--167
 [] [] [] 
 []


Underfull \vbox (badness 10000) detected at line 167
 []


Overfull \vbox (11.18546pt too high) has occurred while \output is active []


[47]
Overfull \hbox (21.89388pt too wide) in alignment at lines 169--174
 [] [] 
 []


Underfull \vbox (badness 10000) detected at line 174
 []


Overfull \hbox (22.2886pt too wide) in alignment at lines 184--189
 [] [] [] 
 []


Underfull \vbox (badness 10000) detected at line 189
 []


Overfull \hbox (22.2886pt too wide) in alignment at lines 207--214
 [] [] [] 
 []


Underfull \vbox (badness 10000) detected at line 214
 []


Overfull \hbox (22.2886pt too wide) in alignment at lines 231--244
 [] [] [] 
 []


Underfull \vbox (badness 10000) detected at line 244
 []

[48]
Overfull \hbox (22.2886pt too wide) in alignment at lines 264--279
 [] [] [] 
 []


Underfull \vbox (badness 10000) detected at line 279
 []


Overfull \hbox (22.2886pt too wide) in alignment at lines 291--300
 [] [] [] 
 []


Underfull \vbox (badness 10000) detected at line 300
 []


Underfull \vbox (badness 10000) has occurred while \output is active []

 [49]
Overfull \hbox (22.2886pt too wide) in alignment at lines 318--325
 [] [] [] 
 []


Underfull \vbox (badness 10000) detected at line 325
 []


Overfull \hbox (22.2886pt too wide) in alignment at lines 339--346
 [] [] [] 
 []


Underfull \vbox (badness 10000) detected at line 346
 []


Underfull \hbox (badness 2980) in paragraph at lines 376--377
[]|\T1/ptm/m/n/10 What columns to re-turn in search. You can pass key
 []


Underfull \hbox (badness 3049) in paragraph at lines 376--377
\T1/ptm/m/n/10 value pairs to re-trieve val-ues from other ta-bles such as
 []


Overfull \hbox (22.2886pt too wide) in alignment at lines 369--380
 [] [] [] 
 []


Underfull \vbox (badness 10000) detected at line 380
 []

[50]
Overfull \hbox (22.2886pt too wide) in alignment at lines 395--404
 [] [] [] 
 []


Underfull \vbox (badness 10000) detected at line 404
 []


Overfull \hbox (22.2886pt too wide) in alignment at lines 423--426
 [] [] [] 
 []


Underfull \vbox (badness 10000) detected at line 426
 []

[51]
Overfull \hbox (22.2886pt too wide) in alignment at lines 438--441
 [] [] [] 
 []


Underfull \vbox (badness 10000) detected at line 441
 []


Overfull \hbox (21.89388pt too wide) in alignment at lines 443--448
 [] [] 
 []


Underfull \vbox (badness 10000) detected at line 448
 []


Overfull \hbox (22.2886pt too wide) in alignment at lines 457--460
 [] [] [] 
 []


Underfull \vbox (badness 10000) detected at line 460
 []


Overfull \hbox (22.2886pt too wide) in alignment at lines 473--478
 [] [] [] 
 []


Underfull \vbox (badness 10000) detected at line 478
 []


Overfull \hbox (21.89388pt too wide) in alignment at lines 490--495
 [] [] 
 []


Underfull \vbox (badness 10000) detected at line 495
 []


Overfull \vbox (1.46994pt too high) has occurred while \output is active []


[52]
Overfull \hbox (21.89388pt too wide) in alignment at lines 504--511
 [] [] 
 []


Underfull \vbox (badness 10000) detected at line 511
 []


Overfull \hbox (38.82724pt too wide) in paragraph at lines 530--530
 []|\T1/ptm/b/n/10 databaseAdapter 
 []


Overfull \hbox (22.2886pt too wide) in alignment at lines 523--532
 [] [] [] 
 []


Underfull \vbox (badness 10000) detected at line 532
 []


Overfull \hbox (22.2886pt too wide) in alignment at lines 541--544
 [] [] [] 
 []


Underfull \vbox (badness 10000) detected at line 544
 []


Underfull \vbox (badness 3657) has occurred while \output is active []

 [53])
(C:\wamp\www\framework\Documentation\latex\classtemplate.tex
<classtemplate.pdf, id=247, 501.875pt x 609.27625pt>
File: classtemplate.pdf Graphic file (type pdf)
 <use classtemplate.pdf>
[54 <C:/wamp/www/framework/Documentation/latex/classtemplate.pdf>]
Overfull \hbox (22.2886pt too wide) in alignment at lines 68--71
 [] [] [] 
 []


Underfull \vbox (badness 10000) detected at line 71
 []


Overfull \hbox (21.89388pt too wide) in alignment at lines 73--78
 [] [] 
 []


Underfull \vbox (badness 10000) detected at line 78
 []


Overfull \hbox (22.2886pt too wide) in alignment at lines 88--93
 [] [] [] 
 []


Underfull \vbox (badness 10000) detected at line 93
 []


Underfull \vbox (badness 4492) has occurred while \output is active []

 [55]
Overfull \hbox (22.2886pt too wide) in alignment at lines 113--118
 [] [] [] 
 []


Underfull \vbox (badness 10000) detected at line 118
 []


Overfull \hbox (22.2886pt too wide) in alignment at lines 127--130
 [] [] [] 
 []


Underfull \vbox (badness 10000) detected at line 130
 []


Overfull \hbox (21.89388pt too wide) in alignment at lines 132--137
 [] [] 
 []


Underfull \vbox (badness 10000) detected at line 137
 []


Overfull \hbox (22.2886pt too wide) in alignment at lines 146--149
 [] [] [] 
 []


Underfull \vbox (badness 10000) detected at line 149
 []


Overfull \hbox (22.2886pt too wide) in alignment at lines 158--161
 [] [] [] 
 []


Underfull \vbox (badness 10000) detected at line 161
 []


Overfull \vbox (2.92953pt too high) has occurred while \output is active []


[56]
Overfull \hbox (22.2886pt too wide) in alignment at lines 173--176
 [] [] [] 
 []


Underfull \vbox (badness 10000) detected at line 176
 []


Overfull \hbox (22.2886pt too wide) in alignment at lines 185--188
 [] [] [] 
 []


Underfull \vbox (badness 10000) detected at line 188
 []

) [57] [58

]
Chapter 8.
(C:\wamp\www\framework\Documentation\latex\base_8php.tex)
(C:\wamp\www\framework\Documentation\latex\database_adapter_8php.tex)
(C:\wamp\www\framework\Documentation\latex\misc__functions_8php.tex [59]
Overfull \hbox (22.2886pt too wide) in alignment at lines 22--27
 [] [] [] 
 []


Underfull \vbox (badness 10000) detected at line 27
 []


Overfull \hbox (22.2886pt too wide) in alignment at lines 41--46
 [] [] [] 
 []


Underfull \vbox (badness 10000) detected at line 46
 []

) (C:\wamp\www\framework\Documentation\latex\plugin_8php.tex)
(C:\wamp\www\framework\Documentation\latex\acl_8php.tex [60])
(C:\wamp\www\framework\Documentation\latex\form_8php.tex)
(C:\wamp\www\framework\Documentation\latex\plugin_structure_8php.tex)
(C:\wamp\www\framework\Documentation\latex\rolisz_8php.tex)
(C:\wamp\www\framework\Documentation\latex\router_8php.tex [61])
(C:\wamp\www\framework\Documentation\latex\table_8php.tex)
(C:\wamp\www\framework\Documentation\latex\template_8php.tex [62])
(C:\wamp\www\framework\Documentation\latex\refman.ind [63] [64

]
Overfull \hbox (28.67805pt too wide) in paragraph at lines 152--153
[]\T1/ptm/m/n/10 C:/wamp/www/framework/databaseAdapter.php,
 []


Overfull \hbox (23.69792pt too wide) in paragraph at lines 153--154
[]\T1/ptm/m/n/10 C:/wamp/www/framework/misc_-functions.php,
 []


Overfull \hbox (0.16853pt too wide) in paragraph at lines 154--155
[]\T1/ptm/m/n/10 C:/wamp/www/framework/plugin.php, 60 
 []


Overfull \hbox (6.47807pt too wide) in paragraph at lines 155--156
[]\T1/ptm/m/n/10 C:/wamp/www/framework/plugins/acl.php,
 []


Overfull \hbox (14.2581pt too wide) in paragraph at lines 156--157
[]\T1/ptm/m/n/10 C:/wamp/www/framework/plugins/form.php,
 []


Overfull \hbox (24.80803pt too wide) in paragraph at lines 157--158
[]\T1/ptm/m/n/10 C:/wamp/www/framework/pluginStructure.php,
 []


Overfull \hbox (9.04814pt too wide) in paragraph at lines 161--162
[]\T1/ptm/m/n/10 C:/wamp/www/framework/template.php, 62 
 []

[65] [66] [67] [68] [69

]) (C:\wamp\www\framework\Documentation\latex\refman.aux)

LaTeX Font Warning: Some font shapes were not available, defaults substituted.

 ) 
Here is how much of TeX's memory you used:
 5647 strings out of 494053
 83396 string characters out of 3150213
 167443 words of memory out of 3000000
 8715 multiletter control sequences out of 15000+200000
 55312 words of font info for 74 fonts, out of 3000000 for 9000
 715 hyphenation exceptions out of 8191
 41i,12n,58p,844b,494s stack positions out of 5000i,500n,10000p,200000b,50000s
{E:/Program Files/Miktex/fonts/enc/dvips/fontname/8r.enc}<E:/Program Files/Mi
ktex/fonts/type1/public/amsfonts/cm/cmmi10.pfb><E:/Program Files/Miktex/fonts/t
ype1/public/amsfonts/cm/cmsy10.pfb><E:/Program Files/Miktex/fonts/type1/urw/cou
rier/ucrr8a.pfb><E:/Program Files/Miktex/fonts/type1/urw/helvetic/uhvb8ac.pfb><
E:/Program Files/Miktex/fonts/type1/urw/helvetic/uhvbo8ac.pfb><E:/Program Files
/Miktex/fonts/type1/urw/times/utmb8a.pfb><E:/Program Files/Miktex/fonts/type1/u
rw/times/utmr8a.pfb><E:/Program Files/Miktex/fonts/type1/urw/times/utmri8a.pfb>

Output written on refman.pdf (77 pages, 242695 bytes).
PDF statistics:
 331 PDF objects out of 1000 (max. 8388607)
 0 named destinations out of 1000 (max. 500000)
 61 words of extra memory for PDF output out of 10000 (max. 10000000)

